<?xml version="1.0" encoding="UTF-8" ?>
<testsuite tests="10" failures="4" name="testesUnitarios.DAO.TestePublicacaoDao" time="0.642" errors="0" skipped="1">
  <properties>
[...]
</properties>
  <testcase classname="testesUnitarios.DAO.TestePublicacaoDao" name="buscarPublicacaoPorStatus" time="0.01">
    <failure message="expected:&lt;P[ENDENTE]&gt; but was:&lt;P[endente]&gt;" type="org.junit.ComparisonFailure">org.junit.ComparisonFailure: expected:&lt;P[ENDENTE]&gt; but was:&lt;P[endente]&gt;
	at org.junit.Assert.assertEquals(Assert.java:115)
	at org.junit.Assert.assertEquals(Assert.java:144)
	at testesUnitarios.DAO.TestePublicacaoDao.buscarPublicacaoPorStatus(TestePublicacaoDao.java:88)
	at sun.reflect.NativeMethodAccessorImpl.invoke0(Native Method)
	at sun.reflect.NativeMethodAccessorImpl.invoke(NativeMethodAccessorImpl.java:62)
	at sun.reflect.DelegatingMethodAccessorImpl.invoke(DelegatingMethodAccessorImpl.java:43)
	at java.lang.reflect.Method.invoke(Method.java:498)
	at org.junit.runners.model.FrameworkMethod$1.runReflectiveCall(FrameworkMethod.java:50)
	at org.junit.internal.runners.model.ReflectiveCallable.run(ReflectiveCallable.java:12)
	at org.junit.runners.model.FrameworkMethod.invokeExplosively(FrameworkMethod.java:47)
	at org.junit.internal.runners.statements.InvokeMethod.evaluate(InvokeMethod.java:17)
	at org.junit.runners.ParentRunner.runLeaf(ParentRunner.java:325)
	at org.junit.runners.BlockJUnit4ClassRunner.runChild(BlockJUnit4ClassRunner.java:78)
	at org.junit.runners.BlockJUnit4ClassRunner.runChild(BlockJUnit4ClassRunner.java:57)
	at org.junit.runners.ParentRunner$3.run(ParentRunner.java:290)
	at org.junit.runners.ParentRunner$1.schedule(ParentRunner.java:71)
	at org.junit.runners.ParentRunner.runChildren(ParentRunner.java:288)
	at org.junit.runners.ParentRunner.access$000(ParentRunner.java:58)
	at org.junit.runners.ParentRunner$2.evaluate(ParentRunner.java:268)
	at org.junit.runners.ParentRunner.run(ParentRunner.java:363)
	at org.apache.maven.surefire.junit4.JUnit4TestSet.execute(JUnit4TestSet.java:53)
	at org.apache.maven.surefire.junit4.JUnit4Provider.executeTestSet(JUnit4Provider.java:123)
	at org.apache.maven.surefire.junit4.JUnit4Provider.invoke(JUnit4Provider.java:104)
	at sun.reflect.NativeMethodAccessorImpl.invoke0(Native Method)
	at sun.reflect.NativeMethodAccessorImpl.invoke(NativeMethodAccessorImpl.java:62)
	at sun.reflect.DelegatingMethodAccessorImpl.invoke(DelegatingMethodAccessorImpl.java:43)
	at java.lang.reflect.Method.invoke(Method.java:498)
	at org.apache.maven.surefire.util.ReflectionUtils.invokeMethodWithArray(ReflectionUtils.java:164)
	at org.apache.maven.surefire.booter.ProviderFactory$ProviderProxy.invoke(ProviderFactory.java:110)
	at org.apache.maven.surefire.booter.SurefireStarter.invokeProvider(SurefireStarter.java:175)
	at org.apache.maven.surefire.booter.SurefireStarter.runSuitesInProcessWhenForked(SurefireStarter.java:107)
	at org.apache.maven.surefire.booter.ForkedBooter.main(ForkedBooter.java:68)
</failure>
    <system-out>Hibernate: 
    select
        publicacao0_.id as id1_4_,
        publicacao0_.categoria as categori2_4_,
        publicacao0_.data as data3_4_,
        publicacao0_.descricao as descrica4_4_,
        publicacao0_.localidade as localida5_4_,
        publicacao0_.status as status6_4_,
        publicacao0_.idUsuario as idUsuari7_4_ 
    from
        Publicacao publicacao0_ 
    where
        publicacao0_.status=?
Hibernate: 
    select
        usuario0_.id as id1_5_0_,
        usuario0_.email as email2_5_0_,
        usuario0_.nome as nome3_5_0_,
        usuario0_.senha as senha4_5_0_,
        usuario0_.nomeFicticio as nomeFict5_5_0_,
        publicacao1_.Usuario_id as Usuario_1_6_1_,
        publicacao2_.id as publicac2_6_1_,
        publicacao2_.id as id1_4_2_,
        publicacao2_.categoria as categori2_4_2_,
        publicacao2_.data as data3_4_2_,
        publicacao2_.descricao as descrica4_4_2_,
        publicacao2_.localidade as localida5_4_2_,
        publicacao2_.status as status6_4_2_,
        publicacao2_.idUsuario as idUsuari7_4_2_,
        usuario3_.id as id1_5_3_,
        usuario3_.email as email2_5_3_,
        usuario3_.nome as nome3_5_3_,
        usuario3_.senha as senha4_5_3_,
        usuario3_.nomeFicticio as nomeFict5_5_3_ 
    from
        Usuario usuario0_ 
    left outer join
        Usuario_Publicacao publicacao1_ 
            on usuario0_.id=publicacao1_.Usuario_id 
    left outer join
        Publicacao publicacao2_ 
            on publicacao1_.publicacao_id=publicacao2_.id 
    left outer join
        Usuario usuario3_ 
            on publicacao2_.idUsuario=usuario3_.id 
    where
        usuario0_.id=?
Hibernate: 
    select
        usuario0_.id as id1_5_0_,
        usuario0_.email as email2_5_0_,
        usuario0_.nome as nome3_5_0_,
        usuario0_.senha as senha4_5_0_,
        usuario0_.nomeFicticio as nomeFict5_5_0_,
        publicacao1_.Usuario_id as Usuario_1_6_1_,
        publicacao2_.id as publicac2_6_1_,
        publicacao2_.id as id1_4_2_,
        publicacao2_.categoria as categori2_4_2_,
        publicacao2_.data as data3_4_2_,
        publicacao2_.descricao as descrica4_4_2_,
        publicacao2_.localidade as localida5_4_2_,
        publicacao2_.status as status6_4_2_,
        publicacao2_.idUsuario as idUsuari7_4_2_,
        usuario3_.id as id1_5_3_,
        usuario3_.email as email2_5_3_,
        usuario3_.nome as nome3_5_3_,
        usuario3_.senha as senha4_5_3_,
        usuario3_.nomeFicticio as nomeFict5_5_3_ 
    from
        Usuario usuario0_ 
    left outer join
        Usuario_Publicacao publicacao1_ 
            on usuario0_.id=publicacao1_.Usuario_id 
    left outer join
        Publicacao publicacao2_ 
            on publicacao1_.publicacao_id=publicacao2_.id 
    left outer join
        Usuario usuario3_ 
            on publicacao2_.idUsuario=usuario3_.id 
    where
        usuario0_.id=?
Hibernate: 
    select
        usuario0_.id as id1_5_0_,
        usuario0_.email as email2_5_0_,
        usuario0_.nome as nome3_5_0_,
        usuario0_.senha as senha4_5_0_,
        usuario0_.nomeFicticio as nomeFict5_5_0_,
        publicacao1_.Usuario_id as Usuario_1_6_1_,
        publicacao2_.id as publicac2_6_1_,
        publicacao2_.id as id1_4_2_,
        publicacao2_.categoria as categori2_4_2_,
        publicacao2_.data as data3_4_2_,
        publicacao2_.descricao as descrica4_4_2_,
        publicacao2_.localidade as localida5_4_2_,
        publicacao2_.status as status6_4_2_,
        publicacao2_.idUsuario as idUsuari7_4_2_,
        usuario3_.id as id1_5_3_,
        usuario3_.email as email2_5_3_,
        usuario3_.nome as nome3_5_3_,
        usuario3_.senha as senha4_5_3_,
        usuario3_.nomeFicticio as nomeFict5_5_3_ 
    from
        Usuario usuario0_ 
    left outer join
        Usuario_Publicacao publicacao1_ 
            on usuario0_.id=publicacao1_.Usuario_id 
    left outer join
        Publicacao publicacao2_ 
            on publicacao1_.publicacao_id=publicacao2_.id 
    left outer join
        Usuario usuario3_ 
            on publicacao2_.idUsuario=usuario3_.id 
    where
        usuario0_.id=?
Hibernate: 
    select
        usuario0_.id as id1_5_0_,
        usuario0_.email as email2_5_0_,
        usuario0_.nome as nome3_5_0_,
        usuario0_.senha as senha4_5_0_,
        usuario0_.nomeFicticio as nomeFict5_5_0_,
        publicacao1_.Usuario_id as Usuario_1_6_1_,
        publicacao2_.id as publicac2_6_1_,
        publicacao2_.id as id1_4_2_,
        publicacao2_.categoria as categori2_4_2_,
        publicacao2_.data as data3_4_2_,
        publicacao2_.descricao as descrica4_4_2_,
        publicacao2_.localidade as localida5_4_2_,
        publicacao2_.status as status6_4_2_,
        publicacao2_.idUsuario as idUsuari7_4_2_,
        usuario3_.id as id1_5_3_,
        usuario3_.email as email2_5_3_,
        usuario3_.nome as nome3_5_3_,
        usuario3_.senha as senha4_5_3_,
        usuario3_.nomeFicticio as nomeFict5_5_3_ 
    from
        Usuario usuario0_ 
    left outer join
        Usuario_Publicacao publicacao1_ 
            on usuario0_.id=publicacao1_.Usuario_id 
    left outer join
        Publicacao publicacao2_ 
            on publicacao1_.publicacao_id=publicacao2_.id 
    left outer join
        Usuario usuario3_ 
            on publicacao2_.idUsuario=usuario3_.id 
    where
        usuario0_.id=?
</system-out>
    <system-err>Tue Jul 11 15:02:09 BRT 2017 WARN: Establishing SSL connection without server&apos;s identity verification is not recommended. According to MySQL 5.5.45+, 5.6.26+ and 5.7.6+ requirements SSL connection must be established by default if explicit option isn&apos;t set. For compliance with existing applications not using SSL the verifyServerCertificate property is set to &apos;false&apos;. You need either to explicitly disable SSL by setting useSSL=false, or set useSSL=true and provide truststore for server certificate verification.
</system-err>
  </testcase>
  <testcase classname="testesUnitarios.DAO.TestePublicacaoDao" name="verificarInsercaoPublicacaoDB" time="0.279"/>
  <testcase classname="testesUnitarios.DAO.TestePublicacaoDao" name="buscarPublicacaoPorId" time="0">
    <failure message="expected:&lt;Saneamento&gt; but was:&lt;null&gt;" type="java.lang.AssertionError">java.lang.AssertionError: expected:&lt;Saneamento&gt; but was:&lt;null&gt;
	at org.junit.Assert.fail(Assert.java:88)
	at org.junit.Assert.failNotEquals(Assert.java:834)
	at org.junit.Assert.assertEquals(Assert.java:118)
	at org.junit.Assert.assertEquals(Assert.java:144)
	at testesUnitarios.DAO.TestePublicacaoDao.buscarPublicacaoPorId(TestePublicacaoDao.java:80)
	at sun.reflect.NativeMethodAccessorImpl.invoke0(Native Method)
	at sun.reflect.NativeMethodAccessorImpl.invoke(NativeMethodAccessorImpl.java:62)
	at sun.reflect.DelegatingMethodAccessorImpl.invoke(DelegatingMethodAccessorImpl.java:43)
	at java.lang.reflect.Method.invoke(Method.java:498)
	at org.junit.runners.model.FrameworkMethod$1.runReflectiveCall(FrameworkMethod.java:50)
	at org.junit.internal.runners.model.ReflectiveCallable.run(ReflectiveCallable.java:12)
	at org.junit.runners.model.FrameworkMethod.invokeExplosively(FrameworkMethod.java:47)
	at org.junit.internal.runners.statements.InvokeMethod.evaluate(InvokeMethod.java:17)
	at org.junit.runners.ParentRunner.runLeaf(ParentRunner.java:325)
	at org.junit.runners.BlockJUnit4ClassRunner.runChild(BlockJUnit4ClassRunner.java:78)
	at org.junit.runners.BlockJUnit4ClassRunner.runChild(BlockJUnit4ClassRunner.java:57)
	at org.junit.runners.ParentRunner$3.run(ParentRunner.java:290)
	at org.junit.runners.ParentRunner$1.schedule(ParentRunner.java:71)
	at org.junit.runners.ParentRunner.runChildren(ParentRunner.java:288)
	at org.junit.runners.ParentRunner.access$000(ParentRunner.java:58)
	at org.junit.runners.ParentRunner$2.evaluate(ParentRunner.java:268)
	at org.junit.runners.ParentRunner.run(ParentRunner.java:363)
	at org.apache.maven.surefire.junit4.JUnit4TestSet.execute(JUnit4TestSet.java:53)
	at org.apache.maven.surefire.junit4.JUnit4Provider.executeTestSet(JUnit4Provider.java:123)
	at org.apache.maven.surefire.junit4.JUnit4Provider.invoke(JUnit4Provider.java:104)
	at sun.reflect.NativeMethodAccessorImpl.invoke0(Native Method)
	at sun.reflect.NativeMethodAccessorImpl.invoke(NativeMethodAccessorImpl.java:62)
	at sun.reflect.DelegatingMethodAccessorImpl.invoke(DelegatingMethodAccessorImpl.java:43)
	at java.lang.reflect.Method.invoke(Method.java:498)
	at org.apache.maven.surefire.util.ReflectionUtils.invokeMethodWithArray(ReflectionUtils.java:164)
	at org.apache.maven.surefire.booter.ProviderFactory$ProviderProxy.invoke(ProviderFactory.java:110)
	at org.apache.maven.surefire.booter.SurefireStarter.invokeProvider(SurefireStarter.java:175)
	at org.apache.maven.surefire.booter.SurefireStarter.runSuitesInProcessWhenForked(SurefireStarter.java:107)
	at org.apache.maven.surefire.booter.ForkedBooter.main(ForkedBooter.java:68)
</failure>
    <system-out>Hibernate: 
    select
        publicacao0_.id as id1_4_0_,
        publicacao0_.categoria as categori2_4_0_,
        publicacao0_.data as data3_4_0_,
        publicacao0_.descricao as descrica4_4_0_,
        publicacao0_.localidade as localida5_4_0_,
        publicacao0_.status as status6_4_0_,
        publicacao0_.idUsuario as idUsuari7_4_0_,
        usuario1_.id as id1_5_1_,
        usuario1_.email as email2_5_1_,
        usuario1_.nome as nome3_5_1_,
        usuario1_.senha as senha4_5_1_,
        usuario1_.nomeFicticio as nomeFict5_5_1_,
        publicacao2_.Usuario_id as Usuario_1_6_2_,
        publicacao3_.id as publicac2_6_2_,
        publicacao3_.id as id1_4_3_,
        publicacao3_.categoria as categori2_4_3_,
        publicacao3_.data as data3_4_3_,
        publicacao3_.descricao as descrica4_4_3_,
        publicacao3_.localidade as localida5_4_3_,
        publicacao3_.status as status6_4_3_,
        publicacao3_.idUsuario as idUsuari7_4_3_ 
    from
        Publicacao publicacao0_ 
    left outer join
        Usuario usuario1_ 
            on publicacao0_.idUsuario=usuario1_.id 
    left outer join
        Usuario_Publicacao publicacao2_ 
            on usuario1_.id=publicacao2_.Usuario_id 
    left outer join
        Publicacao publicacao3_ 
            on publicacao2_.publicacao_id=publicacao3_.id 
    where
        publicacao0_.id=?
Fim da sessão!
</system-out>
  </testcase>
  <testcase classname="testesUnitarios.DAO.TestePublicacaoDao" name="buscarProblemasPorStatusIgonaro" time="0.045">
    <failure message="expected:&lt;1&gt; but was:&lt;4&gt;" type="java.lang.AssertionError">java.lang.AssertionError: expected:&lt;1&gt; but was:&lt;4&gt;
	at org.junit.Assert.fail(Assert.java:88)
	at org.junit.Assert.failNotEquals(Assert.java:834)
	at org.junit.Assert.assertEquals(Assert.java:645)
	at org.junit.Assert.assertEquals(Assert.java:631)
	at testesUnitarios.DAO.TestePublicacaoDao.buscarProblemasPorStatusIgonaro(TestePublicacaoDao.java:137)
	at sun.reflect.NativeMethodAccessorImpl.invoke0(Native Method)
	at sun.reflect.NativeMethodAccessorImpl.invoke(NativeMethodAccessorImpl.java:62)
	at sun.reflect.DelegatingMethodAccessorImpl.invoke(DelegatingMethodAccessorImpl.java:43)
	at java.lang.reflect.Method.invoke(Method.java:498)
	at org.junit.runners.model.FrameworkMethod$1.runReflectiveCall(FrameworkMethod.java:50)
	at org.junit.internal.runners.model.ReflectiveCallable.run(ReflectiveCallable.java:12)
	at org.junit.runners.model.FrameworkMethod.invokeExplosively(FrameworkMethod.java:47)
	at org.junit.internal.runners.statements.InvokeMethod.evaluate(InvokeMethod.java:17)
	at org.junit.runners.ParentRunner.runLeaf(ParentRunner.java:325)
	at org.junit.runners.BlockJUnit4ClassRunner.runChild(BlockJUnit4ClassRunner.java:78)
	at org.junit.runners.BlockJUnit4ClassRunner.runChild(BlockJUnit4ClassRunner.java:57)
	at org.junit.runners.ParentRunner$3.run(ParentRunner.java:290)
	at org.junit.runners.ParentRunner$1.schedule(ParentRunner.java:71)
	at org.junit.runners.ParentRunner.runChildren(ParentRunner.java:288)
	at org.junit.runners.ParentRunner.access$000(ParentRunner.java:58)
	at org.junit.runners.ParentRunner$2.evaluate(ParentRunner.java:268)
	at org.junit.runners.ParentRunner.run(ParentRunner.java:363)
	at org.apache.maven.surefire.junit4.JUnit4TestSet.execute(JUnit4TestSet.java:53)
	at org.apache.maven.surefire.junit4.JUnit4Provider.executeTestSet(JUnit4Provider.java:123)
	at org.apache.maven.surefire.junit4.JUnit4Provider.invoke(JUnit4Provider.java:104)
	at sun.reflect.NativeMethodAccessorImpl.invoke0(Native Method)
	at sun.reflect.NativeMethodAccessorImpl.invoke(NativeMethodAccessorImpl.java:62)
	at sun.reflect.DelegatingMethodAccessorImpl.invoke(DelegatingMethodAccessorImpl.java:43)
	at java.lang.reflect.Method.invoke(Method.java:498)
	at org.apache.maven.surefire.util.ReflectionUtils.invokeMethodWithArray(ReflectionUtils.java:164)
	at org.apache.maven.surefire.booter.ProviderFactory$ProviderProxy.invoke(ProviderFactory.java:110)
	at org.apache.maven.surefire.booter.SurefireStarter.invokeProvider(SurefireStarter.java:175)
	at org.apache.maven.surefire.booter.SurefireStarter.runSuitesInProcessWhenForked(SurefireStarter.java:107)
	at org.apache.maven.surefire.booter.ForkedBooter.main(ForkedBooter.java:68)
</failure>
    <system-out>Hibernate: 
    select
        count(*) as col_0_0_ 
    from
        Publicacao publicacao0_ 
    where
        publicacao0_.status=&apos;IGNORADO&apos;
Fim da sessão!
</system-out>
    <system-err>Tue Jul 11 15:02:09 BRT 2017 WARN: Establishing SSL connection without server&apos;s identity verification is not recommended. According to MySQL 5.5.45+, 5.6.26+ and 5.7.6+ requirements SSL connection must be established by default if explicit option isn&apos;t set. For compliance with existing applications not using SSL the verifyServerCertificate property is set to &apos;false&apos;. You need either to explicitly disable SSL by setting useSSL=false, or set useSSL=true and provide truststore for server certificate verification.
</system-err>
  </testcase>
  <testcase classname="testesUnitarios.DAO.TestePublicacaoDao" name="buscarProblemasPorStatusResolvendo" time="0.002"/>
  <testcase classname="testesUnitarios.DAO.TestePublicacaoDao" name="listarTodasPublicacoesBD" time="0.05">
    <failure message="expected:&lt;Saneamento&gt; but was:&lt;null&gt;" type="java.lang.AssertionError">java.lang.AssertionError: expected:&lt;Saneamento&gt; but was:&lt;null&gt;
	at org.junit.Assert.fail(Assert.java:88)
	at org.junit.Assert.failNotEquals(Assert.java:834)
	at org.junit.Assert.assertEquals(Assert.java:118)
	at org.junit.Assert.assertEquals(Assert.java:144)
	at testesUnitarios.DAO.TestePublicacaoDao.listarTodasPublicacoesBD(TestePublicacaoDao.java:71)
	at sun.reflect.NativeMethodAccessorImpl.invoke0(Native Method)
	at sun.reflect.NativeMethodAccessorImpl.invoke(NativeMethodAccessorImpl.java:62)
	at sun.reflect.DelegatingMethodAccessorImpl.invoke(DelegatingMethodAccessorImpl.java:43)
	at java.lang.reflect.Method.invoke(Method.java:498)
	at org.junit.runners.model.FrameworkMethod$1.runReflectiveCall(FrameworkMethod.java:50)
	at org.junit.internal.runners.model.ReflectiveCallable.run(ReflectiveCallable.java:12)
	at org.junit.runners.model.FrameworkMethod.invokeExplosively(FrameworkMethod.java:47)
	at org.junit.internal.runners.statements.InvokeMethod.evaluate(InvokeMethod.java:17)
	at org.junit.runners.ParentRunner.runLeaf(ParentRunner.java:325)
	at org.junit.runners.BlockJUnit4ClassRunner.runChild(BlockJUnit4ClassRunner.java:78)
	at org.junit.runners.BlockJUnit4ClassRunner.runChild(BlockJUnit4ClassRunner.java:57)
	at org.junit.runners.ParentRunner$3.run(ParentRunner.java:290)
	at org.junit.runners.ParentRunner$1.schedule(ParentRunner.java:71)
	at org.junit.runners.ParentRunner.runChildren(ParentRunner.java:288)
	at org.junit.runners.ParentRunner.access$000(ParentRunner.java:58)
	at org.junit.runners.ParentRunner$2.evaluate(ParentRunner.java:268)
	at org.junit.runners.ParentRunner.run(ParentRunner.java:363)
	at org.apache.maven.surefire.junit4.JUnit4TestSet.execute(JUnit4TestSet.java:53)
	at org.apache.maven.surefire.junit4.JUnit4Provider.executeTestSet(JUnit4Provider.java:123)
	at org.apache.maven.surefire.junit4.JUnit4Provider.invoke(JUnit4Provider.java:104)
	at sun.reflect.NativeMethodAccessorImpl.invoke0(Native Method)
	at sun.reflect.NativeMethodAccessorImpl.invoke(NativeMethodAccessorImpl.java:62)
	at sun.reflect.DelegatingMethodAccessorImpl.invoke(DelegatingMethodAccessorImpl.java:43)
	at java.lang.reflect.Method.invoke(Method.java:498)
	at org.apache.maven.surefire.util.ReflectionUtils.invokeMethodWithArray(ReflectionUtils.java:164)
	at org.apache.maven.surefire.booter.ProviderFactory$ProviderProxy.invoke(ProviderFactory.java:110)
	at org.apache.maven.surefire.booter.SurefireStarter.invokeProvider(SurefireStarter.java:175)
	at org.apache.maven.surefire.booter.SurefireStarter.runSuitesInProcessWhenForked(SurefireStarter.java:107)
	at org.apache.maven.surefire.booter.ForkedBooter.main(ForkedBooter.java:68)
</failure>
    <system-out>Hibernate: 
    select
        publicacao0_.id as id1_4_,
        publicacao0_.categoria as categori2_4_,
        publicacao0_.data as data3_4_,
        publicacao0_.descricao as descrica4_4_,
        publicacao0_.localidade as localida5_4_,
        publicacao0_.status as status6_4_,
        publicacao0_.idUsuario as idUsuari7_4_ 
    from
        Publicacao publicacao0_
Hibernate: 
    select
        usuario0_.id as id1_5_0_,
        usuario0_.email as email2_5_0_,
        usuario0_.nome as nome3_5_0_,
        usuario0_.senha as senha4_5_0_,
        usuario0_.nomeFicticio as nomeFict5_5_0_,
        publicacao1_.Usuario_id as Usuario_1_6_1_,
        publicacao2_.id as publicac2_6_1_,
        publicacao2_.id as id1_4_2_,
        publicacao2_.categoria as categori2_4_2_,
        publicacao2_.data as data3_4_2_,
        publicacao2_.descricao as descrica4_4_2_,
        publicacao2_.localidade as localida5_4_2_,
        publicacao2_.status as status6_4_2_,
        publicacao2_.idUsuario as idUsuari7_4_2_,
        usuario3_.id as id1_5_3_,
        usuario3_.email as email2_5_3_,
        usuario3_.nome as nome3_5_3_,
        usuario3_.senha as senha4_5_3_,
        usuario3_.nomeFicticio as nomeFict5_5_3_ 
    from
        Usuario usuario0_ 
    left outer join
        Usuario_Publicacao publicacao1_ 
            on usuario0_.id=publicacao1_.Usuario_id 
    left outer join
        Publicacao publicacao2_ 
            on publicacao1_.publicacao_id=publicacao2_.id 
    left outer join
        Usuario usuario3_ 
            on publicacao2_.idUsuario=usuario3_.id 
    where
        usuario0_.id=?
Hibernate: 
    select
        usuario0_.id as id1_5_0_,
        usuario0_.email as email2_5_0_,
        usuario0_.nome as nome3_5_0_,
        usuario0_.senha as senha4_5_0_,
        usuario0_.nomeFicticio as nomeFict5_5_0_,
        publicacao1_.Usuario_id as Usuario_1_6_1_,
        publicacao2_.id as publicac2_6_1_,
        publicacao2_.id as id1_4_2_,
        publicacao2_.categoria as categori2_4_2_,
        publicacao2_.data as data3_4_2_,
        publicacao2_.descricao as descrica4_4_2_,
        publicacao2_.localidade as localida5_4_2_,
        publicacao2_.status as status6_4_2_,
        publicacao2_.idUsuario as idUsuari7_4_2_,
        usuario3_.id as id1_5_3_,
        usuario3_.email as email2_5_3_,
        usuario3_.nome as nome3_5_3_,
        usuario3_.senha as senha4_5_3_,
        usuario3_.nomeFicticio as nomeFict5_5_3_ 
    from
        Usuario usuario0_ 
    left outer join
        Usuario_Publicacao publicacao1_ 
            on usuario0_.id=publicacao1_.Usuario_id 
    left outer join
        Publicacao publicacao2_ 
            on publicacao1_.publicacao_id=publicacao2_.id 
    left outer join
        Usuario usuario3_ 
            on publicacao2_.idUsuario=usuario3_.id 
    where
        usuario0_.id=?
Hibernate: 
    select
        usuario0_.id as id1_5_0_,
        usuario0_.email as email2_5_0_,
        usuario0_.nome as nome3_5_0_,
        usuario0_.senha as senha4_5_0_,
        usuario0_.nomeFicticio as nomeFict5_5_0_,
        publicacao1_.Usuario_id as Usuario_1_6_1_,
        publicacao2_.id as publicac2_6_1_,
        publicacao2_.id as id1_4_2_,
        publicacao2_.categoria as categori2_4_2_,
        publicacao2_.data as data3_4_2_,
        publicacao2_.descricao as descrica4_4_2_,
        publicacao2_.localidade as localida5_4_2_,
        publicacao2_.status as status6_4_2_,
        publicacao2_.idUsuario as idUsuari7_4_2_,
        usuario3_.id as id1_5_3_,
        usuario3_.email as email2_5_3_,
        usuario3_.nome as nome3_5_3_,
        usuario3_.senha as senha4_5_3_,
        usuario3_.nomeFicticio as nomeFict5_5_3_ 
    from
        Usuario usuario0_ 
    left outer join
        Usuario_Publicacao publicacao1_ 
            on usuario0_.id=publicacao1_.Usuario_id 
    left outer join
        Publicacao publicacao2_ 
            on publicacao1_.publicacao_id=publicacao2_.id 
    left outer join
        Usuario usuario3_ 
            on publicacao2_.idUsuario=usuario3_.id 
    where
        usuario0_.id=?
Hibernate: 
    select
        usuario0_.id as id1_5_0_,
        usuario0_.email as email2_5_0_,
        usuario0_.nome as nome3_5_0_,
        usuario0_.senha as senha4_5_0_,
        usuario0_.nomeFicticio as nomeFict5_5_0_,
        publicacao1_.Usuario_id as Usuario_1_6_1_,
        publicacao2_.id as publicac2_6_1_,
        publicacao2_.id as id1_4_2_,
        publicacao2_.categoria as categori2_4_2_,
        publicacao2_.data as data3_4_2_,
        publicacao2_.descricao as descrica4_4_2_,
        publicacao2_.localidade as localida5_4_2_,
        publicacao2_.status as status6_4_2_,
        publicacao2_.idUsuario as idUsuari7_4_2_,
        usuario3_.id as id1_5_3_,
        usuario3_.email as email2_5_3_,
        usuario3_.nome as nome3_5_3_,
        usuario3_.senha as senha4_5_3_,
        usuario3_.nomeFicticio as nomeFict5_5_3_ 
    from
        Usuario usuario0_ 
    left outer join
        Usuario_Publicacao publicacao1_ 
            on usuario0_.id=publicacao1_.Usuario_id 
    left outer join
        Publicacao publicacao2_ 
            on publicacao1_.publicacao_id=publicacao2_.id 
    left outer join
        Usuario usuario3_ 
            on publicacao2_.idUsuario=usuario3_.id 
    where
        usuario0_.id=?
Fim da sessão!!
</system-out>
  </testcase>
  <testcase classname="testesUnitarios.DAO.TestePublicacaoDao" name="buscarProblemasPorStatusAnalizando" time="0.004"/>
  <testcase classname="testesUnitarios.DAO.TestePublicacaoDao" name="buscarProblemasPorStatusResolvido" time="0.004"/>
  <testcase classname="testesUnitarios.DAO.TestePublicacaoDao" name="verificarAtualizacaoPublicacaoDB" time="0.232"/>
  <testcase classname="testesUnitarios.DAO.TestePublicacaoDao" name="buscarProblemasPorStatusPendente" time="0.232">
    <skipped/>
  </testcase>
</testsuite>