<?xml version="1.0" encoding="UTF-8" ?>
<testsuite tests="7" failures="1" name="testesUnit\u00E1rios.TesteUsuarioDao" time="10.56" errors="0" skipped="6">
  <properties>
[...]
</properties>
  <testcase classname="testesUnit\u00E1rios.TesteUsuarioDao" name="verificarExclusaoUsuarioDB" time="0">
    <skipped/>
  </testcase>
  <testcase classname="testesUnit\u00E1rios.TesteUsuarioDao" name="listarTodosUsuariosBD" time="0.015">
    <skipped/>
  </testcase>
  <testcase classname="testesUnit\u00E1rios.TesteUsuarioDao" name="buscarUsuarioBDPorNome" time="0.015">
    <skipped/>
  </testcase>
  <testcase classname="testesUnit\u00E1rios.TesteUsuarioDao" name="fazerLoginUsuario" time="10.03">
    <failure message="expected:&lt;[izaquias21]&gt; but was:&lt;[34140mbr7m3mbskt7002jkcjm2]&gt;" type="org.junit.ComparisonFailure">org.junit.ComparisonFailure: expected:&lt;[izaquias21]&gt; but was:&lt;[34140mbr7m3mbskt7002jkcjm2]&gt;
	at org.junit.Assert.assertEquals(Assert.java:115)
	at org.junit.Assert.assertEquals(Assert.java:144)
	at testesUnitários.TesteUsuarioDao.fazerLoginUsuario(TesteUsuarioDao.java:123)
	at sun.reflect.NativeMethodAccessorImpl.invoke0(Native Method)
	at sun.reflect.NativeMethodAccessorImpl.invoke(NativeMethodAccessorImpl.java:62)
	at sun.reflect.DelegatingMethodAccessorImpl.invoke(DelegatingMethodAccessorImpl.java:43)
	at java.lang.reflect.Method.invoke(Method.java:498)
	at org.junit.runners.model.FrameworkMethod$1.runReflectiveCall(FrameworkMethod.java:50)
	at org.junit.internal.runners.model.ReflectiveCallable.run(ReflectiveCallable.java:12)
	at org.junit.runners.model.FrameworkMethod.invokeExplosively(FrameworkMethod.java:47)
	at org.junit.internal.runners.statements.InvokeMethod.evaluate(InvokeMethod.java:17)
	at org.junit.runners.ParentRunner.runLeaf(ParentRunner.java:325)
	at org.junit.runners.BlockJUnit4ClassRunner.runChild(BlockJUnit4ClassRunner.java:78)
	at org.junit.runners.BlockJUnit4ClassRunner.runChild(BlockJUnit4ClassRunner.java:57)
	at org.junit.runners.ParentRunner$3.run(ParentRunner.java:290)
	at org.junit.runners.ParentRunner$1.schedule(ParentRunner.java:71)
	at org.junit.runners.ParentRunner.runChildren(ParentRunner.java:288)
	at org.junit.runners.ParentRunner.access$000(ParentRunner.java:58)
	at org.junit.runners.ParentRunner$2.evaluate(ParentRunner.java:268)
	at org.junit.runners.ParentRunner.run(ParentRunner.java:363)
	at org.apache.maven.surefire.junit4.JUnit4TestSet.execute(JUnit4TestSet.java:53)
	at org.apache.maven.surefire.junit4.JUnit4Provider.executeTestSet(JUnit4Provider.java:123)
	at org.apache.maven.surefire.junit4.JUnit4Provider.invoke(JUnit4Provider.java:104)
	at sun.reflect.NativeMethodAccessorImpl.invoke0(Native Method)
	at sun.reflect.NativeMethodAccessorImpl.invoke(NativeMethodAccessorImpl.java:62)
	at sun.reflect.DelegatingMethodAccessorImpl.invoke(DelegatingMethodAccessorImpl.java:43)
	at java.lang.reflect.Method.invoke(Method.java:498)
	at org.apache.maven.surefire.util.ReflectionUtils.invokeMethodWithArray(ReflectionUtils.java:164)
	at org.apache.maven.surefire.booter.ProviderFactory$ProviderProxy.invoke(ProviderFactory.java:110)
	at org.apache.maven.surefire.booter.SurefireStarter.invokeProvider(SurefireStarter.java:175)
	at org.apache.maven.surefire.booter.SurefireStarter.runSuitesInProcessWhenForked(SurefireStarter.java:107)
	at org.apache.maven.surefire.booter.ForkedBooter.main(ForkedBooter.java:68)
</failure>
    <system-out>Hibernate: 
    select
        usuario0_.id as id1_5_0_,
        usuario0_.email as email2_5_0_,
        usuario0_.nome as nome3_5_0_,
        usuario0_.senha as senha4_5_0_,
        usuario0_.nomeFicticio as nomeFict5_5_0_,
        publicacao1_.Usuario_id as Usuario_1_6_1_,
        publicacao2_.id as publicac2_6_1_,
        publicacao2_.id as id1_4_2_,
        publicacao2_.categoria as categori2_4_2_,
        publicacao2_.data as data3_4_2_,
        publicacao2_.descricao as descrica4_4_2_,
        publicacao2_.localidade as localida5_4_2_,
        publicacao2_.status as status6_4_2_,
        publicacao2_.idUsuario as idUsuari7_4_2_,
        usuario3_.id as id1_5_3_,
        usuario3_.email as email2_5_3_,
        usuario3_.nome as nome3_5_3_,
        usuario3_.senha as senha4_5_3_,
        usuario3_.nomeFicticio as nomeFict5_5_3_ 
    from
        Usuario usuario0_ 
    left outer join
        Usuario_Publicacao publicacao1_ 
            on usuario0_.id=publicacao1_.Usuario_id 
    left outer join
        Publicacao publicacao2_ 
            on publicacao1_.publicacao_id=publicacao2_.id 
    left outer join
        Usuario usuario3_ 
            on publicacao2_.idUsuario=usuario3_.id 
    where
        usuario0_.id=?
Fim da sessão!
Convertendo senha....
Concluiu, esperando número de caracteres!
Fim da Operação!
</system-out>
    <system-err>jul 07, 2017 4:52:17 PM org.hibernate.jpa.internal.util.LogHelper logPersistenceUnitInformation
INFO: HHH000204: Processing PersistenceUnitInfo [
	name: Persistencia
	...]
jul 07, 2017 4:52:18 PM org.hibernate.Version logVersion
INFO: HHH000412: Hibernate Core {5.2.2.Final}
jul 07, 2017 4:52:18 PM org.hibernate.cfg.Environment &lt;clinit&gt;
INFO: HHH000206: hibernate.properties not found
jul 07, 2017 4:52:18 PM org.hibernate.cfg.Environment buildBytecodeProvider
INFO: HHH000021: Bytecode provider name : javassist
jul 07, 2017 4:52:18 PM org.hibernate.annotations.common.reflection.java.JavaReflectionManager &lt;clinit&gt;
INFO: HCANN000001: Hibernate Commons Annotations {5.0.1.Final}
jul 07, 2017 4:52:19 PM org.hibernate.engine.jdbc.connections.internal.DriverManagerConnectionProviderImpl configure
WARN: HHH10001002: Using Hibernate built-in connection pool (not for production use!)
jul 07, 2017 4:52:19 PM org.hibernate.engine.jdbc.connections.internal.DriverManagerConnectionProviderImpl buildCreator
INFO: HHH10001005: using driver [com.mysql.jdbc.Driver] at URL [jdbc:mysql://localhost:3306/divulgueWeb?zeroDateTimeBehavior=convertToNull]
jul 07, 2017 4:52:19 PM org.hibernate.engine.jdbc.connections.internal.DriverManagerConnectionProviderImpl buildCreator
INFO: HHH10001001: Connection properties: {user=root, password=****}
jul 07, 2017 4:52:19 PM org.hibernate.engine.jdbc.connections.internal.DriverManagerConnectionProviderImpl buildCreator
INFO: HHH10001003: Autocommit mode: false
jul 07, 2017 4:52:19 PM org.hibernate.engine.jdbc.connections.internal.PooledConnections &lt;init&gt;
INFO: HHH000115: Hibernate connection pool size: 20 (min=1)
Fri Jul 07 16:52:19 BRT 2017 WARN: Establishing SSL connection without server&apos;s identity verification is not recommended. According to MySQL 5.5.45+, 5.6.26+ and 5.7.6+ requirements SSL connection must be established by default if explicit option isn&apos;t set. For compliance with existing applications not using SSL the verifyServerCertificate property is set to &apos;false&apos;. You need either to explicitly disable SSL by setting useSSL=false, or set useSSL=true and provide truststore for server certificate verification.
jul 07, 2017 4:52:20 PM org.hibernate.dialect.Dialect &lt;init&gt;
INFO: HHH000400: Using dialect: org.hibernate.dialect.MySQL5InnoDBDialect
jul 07, 2017 4:52:24 PM org.hibernate.resource.transaction.backend.jdbc.internal.DdlTransactionIsolatorNonJtaImpl getIsolatedConnection
INFO: HHH10001501: Connection obtained from JdbcConnectionAccess [org.hibernate.engine.jdbc.env.internal.JdbcEnvironmentInitiator$ConnectionProviderJdbcConnectionAccess@32f0fba8] for (non-JTA) DDL execution was not in auto-commit mode; the Connection &apos;local transaction&apos; will be committed and the Connection will be set into auto-commit mode.
jul 07, 2017 4:52:24 PM org.hibernate.hql.internal.QueryTranslatorFactoryInitiator initiateService
INFO: HHH000397: Using ASTQueryTranslatorFactory
</system-err>
  </testcase>
  <testcase classname="testesUnit\u00E1rios.TesteUsuarioDao" name="verificarAtualizacaoUsuarioDB" time="10.046">
    <skipped/>
  </testcase>
  <testcase classname="testesUnit\u00E1rios.TesteUsuarioDao" name="verificarInsercaoUsuarioDB" time="10.046">
    <skipped/>
  </testcase>
  <testcase classname="testesUnit\u00E1rios.TesteUsuarioDao" name="buscarUsuarioBDPorId" time="10.046">
    <skipped/>
  </testcase>
</testsuite>